<?xml version="1.0" encoding="UTF-8" ?>
<testsuite tests="25" failures="0" name="runner.TestRunner" time="0.092" errors="4" skipped="14">
  <properties>
[...]
</properties>
  <testcase classname="Scenario: Correct login test" name="Given I am going to the login page" time="0.004"/>
  <testcase classname="Scenario: Correct login test" name="When kadi ve sifre girilir" time="0"/>
  <testcase classname="Scenario: Correct login test" name="And giris butonuna tiklanir" time="0"/>
  <testcase classname="Scenario: Correct login test" name="Then anasayfanin geldigi görülür" time="0"/>
  <testcase classname="Scenario: Correct login test" name="Scenario: Correct login test" time="0"/>
  <testcase classname="Scenario: Kullanici giris yapar ve arama islemi gerceklestirir" name="Given kullanici sisteme giris yapmistir" time="0"/>
  <testcase classname="Scenario: Kullanici giris yapar ve arama islemi gerceklestirir" name="When arama kismina börek yazar" time="0"/>
  <testcase classname="Scenario: Kullanici giris yapar ve arama islemi gerceklestirir" name="And gelen börek combobox ina tiklar" time="0.004">
    <error message="chrome not reachable
  (Session info: chrome=89.0.4389.82)
Build info: version: &apos;3.141.59&apos;, revision: &apos;e82be7d358&apos;, time: &apos;2018-11-14T08:17:03&apos;
System info: host: &apos;DESKTOP-KEQ91OM&apos;, ip: &apos;192.168.56.1&apos;, os.name: &apos;Windows 10&apos;, os.arch: &apos;amd64&apos;, os.version: &apos;10.0&apos;, java.version: &apos;1.8.0_202&apos;
Driver info: org.openqa.selenium.chrome.ChromeDriver
Capabilities {acceptInsecureCerts: false, browserName: chrome, browserVersion: 89.0.4389.82, chrome: {chromedriverVersion: 88.0.4324.27 (6347fe8bf1e48..., userDataDir: C:\Users\HATICE~1.KAR\AppDa...}, goog:chromeOptions: {debuggerAddress: localhost:59866}, javascriptEnabled: true, networkConnectionEnabled: false, pageLoadStrategy: normal, platform: WINDOWS, platformName: WINDOWS, proxy: Proxy(), setWindowRect: true, strictFileInteractability: false, timeouts: {implicit: 0, pageLoad: 300000, script: 30000}, unhandledPromptBehavior: dismiss and notify, webauthn:extension:largeBlob: true, webauthn:virtualAuthenticators: true}
Session ID: c66ee175f434c967b7fdcf3261c43250
*** Element info: {Using=xpath, value=(//*[@data-testid=&quot;link&quot;])[2]}" type="org.openqa.selenium.WebDriverException">org.openqa.selenium.WebDriverException: chrome not reachable
  (Session info: chrome=89.0.4389.82)
Build info: version: &apos;3.141.59&apos;, revision: &apos;e82be7d358&apos;, time: &apos;2018-11-14T08:17:03&apos;
System info: host: &apos;DESKTOP-KEQ91OM&apos;, ip: &apos;192.168.56.1&apos;, os.name: &apos;Windows 10&apos;, os.arch: &apos;amd64&apos;, os.version: &apos;10.0&apos;, java.version: &apos;1.8.0_202&apos;
Driver info: org.openqa.selenium.chrome.ChromeDriver
Capabilities {acceptInsecureCerts: false, browserName: chrome, browserVersion: 89.0.4389.82, chrome: {chromedriverVersion: 88.0.4324.27 (6347fe8bf1e48..., userDataDir: C:\Users\HATICE~1.KAR\AppDa...}, goog:chromeOptions: {debuggerAddress: localhost:59866}, javascriptEnabled: true, networkConnectionEnabled: false, pageLoadStrategy: normal, platform: WINDOWS, platformName: WINDOWS, proxy: Proxy(), setWindowRect: true, strictFileInteractability: false, timeouts: {implicit: 0, pageLoad: 300000, script: 30000}, unhandledPromptBehavior: dismiss and notify, webauthn:extension:largeBlob: true, webauthn:virtualAuthenticators: true}
Session ID: c66ee175f434c967b7fdcf3261c43250
*** Element info: {Using=xpath, value=(//*[@data-testid=&quot;link&quot;])[2]}
	at sun.reflect.NativeConstructorAccessorImpl.newInstance0(Native Method)
	at sun.reflect.NativeConstructorAccessorImpl.newInstance(NativeConstructorAccessorImpl.java:62)
	at sun.reflect.DelegatingConstructorAccessorImpl.newInstance(DelegatingConstructorAccessorImpl.java:45)
	at java.lang.reflect.Constructor.newInstance(Constructor.java:423)
	at org.openqa.selenium.remote.http.W3CHttpResponseCodec.createException(W3CHttpResponseCodec.java:187)
	at org.openqa.selenium.remote.http.W3CHttpResponseCodec.decode(W3CHttpResponseCodec.java:122)
	at org.openqa.selenium.remote.http.W3CHttpResponseCodec.decode(W3CHttpResponseCodec.java:49)
	at org.openqa.selenium.remote.HttpCommandExecutor.execute(HttpCommandExecutor.java:158)
	at org.openqa.selenium.remote.service.DriverCommandExecutor.execute(DriverCommandExecutor.java:83)
	at org.openqa.selenium.remote.RemoteWebDriver.execute(RemoteWebDriver.java:552)
	at org.openqa.selenium.remote.RemoteWebDriver.findElement(RemoteWebDriver.java:323)
	at org.openqa.selenium.remote.RemoteWebDriver.findElementByXPath(RemoteWebDriver.java:428)
	at org.openqa.selenium.By$ByXPath.findElement(By.java:353)
	at org.openqa.selenium.remote.RemoteWebDriver.findElement(RemoteWebDriver.java:315)
	at org.openqa.selenium.support.ui.ExpectedConditions$6.apply(ExpectedConditions.java:182)
	at org.openqa.selenium.support.ui.ExpectedConditions$6.apply(ExpectedConditions.java:179)
	at org.openqa.selenium.support.ui.FluentWait.until(FluentWait.java:249)
	at util.ElementUtil.javascriptClick(ElementUtil.java:16)
	at testCases.SearchTest.borekComboClick(SearchTest.java:58)
	at ✽.And gelen börek combobox ina tiklar(Search.feature:6)
</error>
    <system-err>[1615730958.381][WARNING]: Timed out connecting to Chrome, retrying...
</system-err>
  </testcase>
  <testcase classname="Scenario: Kullanici giris yapar ve arama islemi gerceklestirir" name="Scenario: Kullanici giris yapar ve arama islemi gerceklestirir" time="0.005">
    <error message="chrome not reachable
  (Session info: chrome=89.0.4389.82)
Build info: version: &apos;3.141.59&apos;, revision: &apos;e82be7d358&apos;, time: &apos;2018-11-14T08:17:03&apos;
System info: host: &apos;DESKTOP-KEQ91OM&apos;, ip: &apos;192.168.56.1&apos;, os.name: &apos;Windows 10&apos;, os.arch: &apos;amd64&apos;, os.version: &apos;10.0&apos;, java.version: &apos;1.8.0_202&apos;
Driver info: org.openqa.selenium.chrome.ChromeDriver
Capabilities {acceptInsecureCerts: false, browserName: chrome, browserVersion: 89.0.4389.82, chrome: {chromedriverVersion: 88.0.4324.27 (6347fe8bf1e48..., userDataDir: C:\Users\HATICE~1.KAR\AppDa...}, goog:chromeOptions: {debuggerAddress: localhost:59866}, javascriptEnabled: true, networkConnectionEnabled: false, pageLoadStrategy: normal, platform: WINDOWS, platformName: WINDOWS, proxy: Proxy(), setWindowRect: true, strictFileInteractability: false, timeouts: {implicit: 0, pageLoad: 300000, script: 30000}, unhandledPromptBehavior: dismiss and notify, webauthn:extension:largeBlob: true, webauthn:virtualAuthenticators: true}
Session ID: c66ee175f434c967b7fdcf3261c43250
*** Element info: {Using=xpath, value=(//*[@data-testid=&quot;link&quot;])[2]}" type="org.openqa.selenium.WebDriverException">org.openqa.selenium.WebDriverException: chrome not reachable
  (Session info: chrome=89.0.4389.82)
Build info: version: &apos;3.141.59&apos;, revision: &apos;e82be7d358&apos;, time: &apos;2018-11-14T08:17:03&apos;
System info: host: &apos;DESKTOP-KEQ91OM&apos;, ip: &apos;192.168.56.1&apos;, os.name: &apos;Windows 10&apos;, os.arch: &apos;amd64&apos;, os.version: &apos;10.0&apos;, java.version: &apos;1.8.0_202&apos;
Driver info: org.openqa.selenium.chrome.ChromeDriver
Capabilities {acceptInsecureCerts: false, browserName: chrome, browserVersion: 89.0.4389.82, chrome: {chromedriverVersion: 88.0.4324.27 (6347fe8bf1e48..., userDataDir: C:\Users\HATICE~1.KAR\AppDa...}, goog:chromeOptions: {debuggerAddress: localhost:59866}, javascriptEnabled: true, networkConnectionEnabled: false, pageLoadStrategy: normal, platform: WINDOWS, platformName: WINDOWS, proxy: Proxy(), setWindowRect: true, strictFileInteractability: false, timeouts: {implicit: 0, pageLoad: 300000, script: 30000}, unhandledPromptBehavior: dismiss and notify, webauthn:extension:largeBlob: true, webauthn:virtualAuthenticators: true}
Session ID: c66ee175f434c967b7fdcf3261c43250
*** Element info: {Using=xpath, value=(//*[@data-testid=&quot;link&quot;])[2]}
	at sun.reflect.NativeConstructorAccessorImpl.newInstance0(Native Method)
	at sun.reflect.NativeConstructorAccessorImpl.newInstance(NativeConstructorAccessorImpl.java:62)
	at sun.reflect.DelegatingConstructorAccessorImpl.newInstance(DelegatingConstructorAccessorImpl.java:45)
	at java.lang.reflect.Constructor.newInstance(Constructor.java:423)
	at org.openqa.selenium.remote.http.W3CHttpResponseCodec.createException(W3CHttpResponseCodec.java:187)
	at org.openqa.selenium.remote.http.W3CHttpResponseCodec.decode(W3CHttpResponseCodec.java:122)
	at org.openqa.selenium.remote.http.W3CHttpResponseCodec.decode(W3CHttpResponseCodec.java:49)
	at org.openqa.selenium.remote.HttpCommandExecutor.execute(HttpCommandExecutor.java:158)
	at org.openqa.selenium.remote.service.DriverCommandExecutor.execute(DriverCommandExecutor.java:83)
	at org.openqa.selenium.remote.RemoteWebDriver.execute(RemoteWebDriver.java:552)
	at org.openqa.selenium.remote.RemoteWebDriver.findElement(RemoteWebDriver.java:323)
	at org.openqa.selenium.remote.RemoteWebDriver.findElementByXPath(RemoteWebDriver.java:428)
	at org.openqa.selenium.By$ByXPath.findElement(By.java:353)
	at org.openqa.selenium.remote.RemoteWebDriver.findElement(RemoteWebDriver.java:315)
	at org.openqa.selenium.support.ui.ExpectedConditions$6.apply(ExpectedConditions.java:182)
	at org.openqa.selenium.support.ui.ExpectedConditions$6.apply(ExpectedConditions.java:179)
	at org.openqa.selenium.support.ui.FluentWait.until(FluentWait.java:249)
	at util.ElementUtil.javascriptClick(ElementUtil.java:16)
	at testCases.SearchTest.borekComboClick(SearchTest.java:58)
	at ✽.And gelen börek combobox ina tiklar(Search.feature:6)
</error>
  </testcase>
  <testcase classname="Scenario: Kullanici giris yapar ve arama islemi gerceklestirir" name="Then arama islemi börek kategorisine göre oldugu control edilir" time="0.005">
    <skipped/>
  </testcase>
  <testcase classname="Scenario: Kullanici giris yapar ve arama islemi gerceklestirir" name="When arama kisminda ödeme yöntemi nakit yazar" time="0.005">
    <skipped/>
  </testcase>
  <testcase classname="Scenario: Kullanici giris yapar ve arama islemi gerceklestirir" name="And arama kisminda nakit radyo butonuna tiklanir" time="0.005">
    <skipped/>
  </testcase>
  <testcase classname="Scenario: Kullanici giris yapar ve arama islemi gerceklestirir" name="Then arama islemi nakit yonteme göre oldugu control edilir" time="0.005">
    <skipped/>
  </testcase>
  <testcase classname="Scenario: Kullanici giris yapar ve arama islemi gerceklestirir" name="When arama kismina cig kofte yazar" time="0.005">
    <skipped/>
  </testcase>
  <testcase classname="Scenario: Kullanici giris yapar ve arama islemi gerceklestirir" name="And gelen cig kofte combobox ina tiklar" time="0.005">
    <skipped/>
  </testcase>
  <testcase classname="Scenario: Kullanici giris yapar ve arama islemi gerceklestirir" name="Then arama islemi cig kofte kategorisine göre oldugu control edilir" time="0.005">
    <skipped/>
  </testcase>
  <testcase classname="Scenario: Kullanici sepetine ürün ekleyip , cikarma senaryosu" name="Given kullanici sisteme basariyla giris yapmistir" time="0">
    <error message="unknown error: cannot determine loading status
from disconnected: received Inspector.detached event
  (Session info: chrome=89.0.4389.82)
Build info: version: &apos;3.141.59&apos;, revision: &apos;e82be7d358&apos;, time: &apos;2018-11-14T08:17:03&apos;
System info: host: &apos;DESKTOP-KEQ91OM&apos;, ip: &apos;192.168.56.1&apos;, os.name: &apos;Windows 10&apos;, os.arch: &apos;amd64&apos;, os.version: &apos;10.0&apos;, java.version: &apos;1.8.0_202&apos;
Driver info: org.openqa.selenium.chrome.ChromeDriver
Capabilities {acceptInsecureCerts: false, browserName: chrome, browserVersion: 89.0.4389.82, chrome: {chromedriverVersion: 88.0.4324.27 (6347fe8bf1e48..., userDataDir: C:\Users\HATICE~1.KAR\AppDa...}, goog:chromeOptions: {debuggerAddress: localhost:59964}, javascriptEnabled: true, networkConnectionEnabled: false, pageLoadStrategy: normal, platform: WINDOWS, platformName: WINDOWS, proxy: Proxy(), setWindowRect: true, strictFileInteractability: false, timeouts: {implicit: 0, pageLoad: 300000, script: 30000}, unhandledPromptBehavior: dismiss and notify, webauthn:extension:largeBlob: true, webauthn:virtualAuthenticators: true}
Session ID: 5433d161149d18ae7faa371d322b068a" type="org.openqa.selenium.WebDriverException">org.openqa.selenium.WebDriverException: unknown error: cannot determine loading status
from disconnected: received Inspector.detached event
  (Session info: chrome=89.0.4389.82)
Build info: version: &apos;3.141.59&apos;, revision: &apos;e82be7d358&apos;, time: &apos;2018-11-14T08:17:03&apos;
System info: host: &apos;DESKTOP-KEQ91OM&apos;, ip: &apos;192.168.56.1&apos;, os.name: &apos;Windows 10&apos;, os.arch: &apos;amd64&apos;, os.version: &apos;10.0&apos;, java.version: &apos;1.8.0_202&apos;
Driver info: org.openqa.selenium.chrome.ChromeDriver
Capabilities {acceptInsecureCerts: false, browserName: chrome, browserVersion: 89.0.4389.82, chrome: {chromedriverVersion: 88.0.4324.27 (6347fe8bf1e48..., userDataDir: C:\Users\HATICE~1.KAR\AppDa...}, goog:chromeOptions: {debuggerAddress: localhost:59964}, javascriptEnabled: true, networkConnectionEnabled: false, pageLoadStrategy: normal, platform: WINDOWS, platformName: WINDOWS, proxy: Proxy(), setWindowRect: true, strictFileInteractability: false, timeouts: {implicit: 0, pageLoad: 300000, script: 30000}, unhandledPromptBehavior: dismiss and notify, webauthn:extension:largeBlob: true, webauthn:virtualAuthenticators: true}
Session ID: 5433d161149d18ae7faa371d322b068a
	at sun.reflect.NativeConstructorAccessorImpl.newInstance0(Native Method)
	at sun.reflect.NativeConstructorAccessorImpl.newInstance(NativeConstructorAccessorImpl.java:62)
	at sun.reflect.DelegatingConstructorAccessorImpl.newInstance(DelegatingConstructorAccessorImpl.java:45)
	at java.lang.reflect.Constructor.newInstance(Constructor.java:423)
	at org.openqa.selenium.remote.http.W3CHttpResponseCodec.createException(W3CHttpResponseCodec.java:187)
	at org.openqa.selenium.remote.http.W3CHttpResponseCodec.decode(W3CHttpResponseCodec.java:122)
	at org.openqa.selenium.remote.http.W3CHttpResponseCodec.decode(W3CHttpResponseCodec.java:49)
	at org.openqa.selenium.remote.HttpCommandExecutor.execute(HttpCommandExecutor.java:158)
	at org.openqa.selenium.remote.service.DriverCommandExecutor.execute(DriverCommandExecutor.java:83)
	at org.openqa.selenium.remote.RemoteWebDriver.execute(RemoteWebDriver.java:552)
	at org.openqa.selenium.remote.RemoteWebDriver.get(RemoteWebDriver.java:277)
	at testCases.ShoppingTest.giris(ShoppingTest.java:36)
	at ✽.Given kullanici sisteme basariyla giris yapmistir(Shopping.feature:4)
</error>
    <system-err>Starting ChromeDriver 88.0.4324.27 (6347fe8bf1e48bd0c54d07dc55ca011cf40861c9-refs/branch-heads/4324@{#450}) on port 9695
Only local connections are allowed.
Please see https://chromedriver.chromium.org/security-considerations for suggestions on keeping ChromeDriver safe.
ChromeDriver was started successfully.
[1615730967.627][WARNING]: This version of ChromeDriver has not been tested with Chrome version 89.
Mar 14, 2021 5:09:27 PM org.openqa.selenium.remote.ProtocolHandshake createSession
INFO: Detected dialect: W3C
</system-err>
  </testcase>
  <testcase classname="Scenario: Kullanici sepetine ürün ekleyip , cikarma senaryosu" name="Scenario: Kullanici sepetine ürün ekleyip , cikarma senaryosu" time="0.002">
    <error message="unknown error: cannot determine loading status
from disconnected: received Inspector.detached event
  (Session info: chrome=89.0.4389.82)
Build info: version: &apos;3.141.59&apos;, revision: &apos;e82be7d358&apos;, time: &apos;2018-11-14T08:17:03&apos;
System info: host: &apos;DESKTOP-KEQ91OM&apos;, ip: &apos;192.168.56.1&apos;, os.name: &apos;Windows 10&apos;, os.arch: &apos;amd64&apos;, os.version: &apos;10.0&apos;, java.version: &apos;1.8.0_202&apos;
Driver info: org.openqa.selenium.chrome.ChromeDriver
Capabilities {acceptInsecureCerts: false, browserName: chrome, browserVersion: 89.0.4389.82, chrome: {chromedriverVersion: 88.0.4324.27 (6347fe8bf1e48..., userDataDir: C:\Users\HATICE~1.KAR\AppDa...}, goog:chromeOptions: {debuggerAddress: localhost:59964}, javascriptEnabled: true, networkConnectionEnabled: false, pageLoadStrategy: normal, platform: WINDOWS, platformName: WINDOWS, proxy: Proxy(), setWindowRect: true, strictFileInteractability: false, timeouts: {implicit: 0, pageLoad: 300000, script: 30000}, unhandledPromptBehavior: dismiss and notify, webauthn:extension:largeBlob: true, webauthn:virtualAuthenticators: true}
Session ID: 5433d161149d18ae7faa371d322b068a" type="org.openqa.selenium.WebDriverException">org.openqa.selenium.WebDriverException: unknown error: cannot determine loading status
from disconnected: received Inspector.detached event
  (Session info: chrome=89.0.4389.82)
Build info: version: &apos;3.141.59&apos;, revision: &apos;e82be7d358&apos;, time: &apos;2018-11-14T08:17:03&apos;
System info: host: &apos;DESKTOP-KEQ91OM&apos;, ip: &apos;192.168.56.1&apos;, os.name: &apos;Windows 10&apos;, os.arch: &apos;amd64&apos;, os.version: &apos;10.0&apos;, java.version: &apos;1.8.0_202&apos;
Driver info: org.openqa.selenium.chrome.ChromeDriver
Capabilities {acceptInsecureCerts: false, browserName: chrome, browserVersion: 89.0.4389.82, chrome: {chromedriverVersion: 88.0.4324.27 (6347fe8bf1e48..., userDataDir: C:\Users\HATICE~1.KAR\AppDa...}, goog:chromeOptions: {debuggerAddress: localhost:59964}, javascriptEnabled: true, networkConnectionEnabled: false, pageLoadStrategy: normal, platform: WINDOWS, platformName: WINDOWS, proxy: Proxy(), setWindowRect: true, strictFileInteractability: false, timeouts: {implicit: 0, pageLoad: 300000, script: 30000}, unhandledPromptBehavior: dismiss and notify, webauthn:extension:largeBlob: true, webauthn:virtualAuthenticators: true}
Session ID: 5433d161149d18ae7faa371d322b068a
	at sun.reflect.NativeConstructorAccessorImpl.newInstance0(Native Method)
	at sun.reflect.NativeConstructorAccessorImpl.newInstance(NativeConstructorAccessorImpl.java:62)
	at sun.reflect.DelegatingConstructorAccessorImpl.newInstance(DelegatingConstructorAccessorImpl.java:45)
	at java.lang.reflect.Constructor.newInstance(Constructor.java:423)
	at org.openqa.selenium.remote.http.W3CHttpResponseCodec.createException(W3CHttpResponseCodec.java:187)
	at org.openqa.selenium.remote.http.W3CHttpResponseCodec.decode(W3CHttpResponseCodec.java:122)
	at org.openqa.selenium.remote.http.W3CHttpResponseCodec.decode(W3CHttpResponseCodec.java:49)
	at org.openqa.selenium.remote.HttpCommandExecutor.execute(HttpCommandExecutor.java:158)
	at org.openqa.selenium.remote.service.DriverCommandExecutor.execute(DriverCommandExecutor.java:83)
	at org.openqa.selenium.remote.RemoteWebDriver.execute(RemoteWebDriver.java:552)
	at org.openqa.selenium.remote.RemoteWebDriver.get(RemoteWebDriver.java:277)
	at testCases.ShoppingTest.giris(ShoppingTest.java:36)
	at ✽.Given kullanici sisteme basariyla giris yapmistir(Shopping.feature:4)
</error>
  </testcase>
  <testcase classname="Scenario: Kullanici sepetine ürün ekleyip , cikarma senaryosu" name="When arama kismina döner yazar" time="0.003">
    <skipped/>
  </testcase>
  <testcase classname="Scenario: Kullanici sepetine ürün ekleyip , cikarma senaryosu" name="And gelen döner combobox ina tiklar" time="0.004">
    <skipped/>
  </testcase>
  <testcase classname="Scenario: Kullanici sepetine ürün ekleyip , cikarma senaryosu" name="And arama islemi döner kategorisine göre oldugu control edilir" time="0.004">
    <skipped/>
  </testcase>
  <testcase classname="Scenario: Kullanici sepetine ürün ekleyip , cikarma senaryosu" name="And kullanici gelen arama sayfasinda döner tiklar" time="0.006">
    <skipped/>
  </testcase>
  <testcase classname="Scenario: Kullanici sepetine ürün ekleyip , cikarma senaryosu" name="And kullanici yemek sepetine ekler" time="0.007">
    <skipped/>
  </testcase>
  <testcase classname="Scenario: Kullanici sepetine ürün ekleyip , cikarma senaryosu" name="And kullanici sepetini bosaltir" time="0.009">
    <skipped/>
  </testcase>
  <testcase classname="Scenario: Kullanici sepetine ürün ekleyip , cikarma senaryosu" name="Then sepetin bosaltildigi kontrol edilir" time="0.009">
    <skipped/>
  </testcase>
</testsuite>